<?xml version="1.0" encoding="UTF-8"?>
<testsuite name="com.bowling.game.GameTest" tests="3" skipped="0" failures="0" errors="0" timestamp="2020-06-07T13:32:28" hostname="MacBook-Pro-2.local" time="0.011">
  <properties/>
  <testcase name="canScoreAllOne()" classname="com.bowling.game.GameTest" time="0.008"/>
  <testcase name="canScoreGutterGame()" classname="com.bowling.game.GameTest" time="0.001"/>
  <testcase name="canScoreSpareBalls()" classname="com.bowling.game.GameTest" time="0.0"/>
  <system-out><![CDATA[]]></system-out>
  <system-err><![CDATA[]]></system-err>
</testsuite>
