<?xml version="1.0" encoding="UTF-8"?>
<testsuite name="com.bowling.game.GameTest" tests="1" skipped="0" failures="0" errors="0" timestamp="2020-06-07T12:21:39" hostname="MacBook-Pro-2.local" time="0.01">
  <properties/>
  <testcase name="canScoreGutterGame()" classname="com.bowling.game.GameTest" time="0.01"/>
  <system-out><![CDATA[]]></system-out>
  <system-err><![CDATA[]]></system-err>
</testsuite>
