<?xml version="1.0" encoding="UTF-8"?>
<testsuite name="com.bowling.game.GameTest" tests="1" skipped="0" failures="0" errors="0" timestamp="2020-06-07T13:39:01" hostname="MacBook-Pro-2.local" time="0.007">
  <properties/>
  <testcase name="canScorePerfectGame()" classname="com.bowling.game.GameTest" time="0.007"/>
  <system-out><![CDATA[]]></system-out>
  <system-err><![CDATA[]]></system-err>
</testsuite>
